<?xml version="1.0" encoding="UTF-8"?>
<!-- Generated by org.testng.reporters.JUnitReportReporter -->
<testsuite skipped="0" hostname="TILAK" name="scripts.Practice01" tests="1" failures="0" timestamp="23 Oct 2019 10:36:22 GMT" time="4.647" errors="0">
  <testcase name="writedate" time="4.647" classname="scripts.Practice01"/>
</testsuite> <!-- scripts.Practice01 -->
